PLINK v1.90b6.18 64-bit (16 Jun 2020)
Options in effect:
  --bfile /home/yxzhang/Package_Development/pv/inst/extdata/train
  --missing
  --noweb
  --out /home/yxzhang/Package_Development/pv/inst/extdata/train

Hostname: dell-Precision-5820-Tower
Working directory: /home/yxzhang
Start time: Sat Feb 26 19:07:59 2022

Note: --noweb has no effect since no web check is implemented yet.
Random number seed: 1645873679
64103 MB RAM detected; reserving 32051 MB for main workspace.
1100 variants loaded from .bim file.
200 people (0 males, 200 females) loaded from .fam.
200 phenotype values loaded from .fam.
Using 1 thread (no multithreaded calculations invoked).
Before main variant filters, 200 founders and 0 nonfounders present.
Calculating allele frequencies... done.
--missing: Sample missing data report written to
/home/yxzhang/Package_Development/pv/inst/extdata/train.imiss, and
variant-based missing data report written to
/home/yxzhang/Package_Development/pv/inst/extdata/train.lmiss.

End time: Sat Feb 26 19:07:59 2022
